<?xml version="1.0" encoding="UTF-8"?>
<testng-results ignored="0" total="4" passed="4" failed="0" skipped="0">
  <reporter-output>
  </reporter-output>
  <suite started-at="2024-06-18T13:09:47 IST" name="Suite" finished-at="2024-06-18T13:11:24 IST" duration-ms="96980">
    <groups>
    </groups>
    <test started-at="2024-06-18T13:09:47 IST" name="Test" finished-at="2024-06-18T13:11:24 IST" duration-ms="96980">
      <class name="com.prjct.qa.testcases.LoginpageTest">
        <test-method is-config="true" signature="setup()[pri:0, instance:com.prjct.qa.testcases.LoginpageTest@5119fb47]" started-at="2024-06-18T13:09:47 IST" name="setup" finished-at="2024-06-18T13:09:59 IST" duration-ms="11812" status="PASS">
          <reporter-output>
          </reporter-output>
        </test-method> <!-- setup -->
        <test-method signature="loginpagetitletest()[pri:1, instance:com.prjct.qa.testcases.LoginpageTest@5119fb47]" started-at="2024-06-18T13:09:59 IST" name="loginpagetitletest" finished-at="2024-06-18T13:09:59 IST" duration-ms="9" status="PASS">
          <reporter-output>
          </reporter-output>
        </test-method> <!-- loginpagetitletest -->
        <test-method is-config="true" signature="teardown()[pri:0, instance:com.prjct.qa.testcases.LoginpageTest@5119fb47]" started-at="2024-06-18T13:09:59 IST" name="teardown" finished-at="2024-06-18T13:09:59 IST" duration-ms="98" status="PASS">
          <reporter-output>
          </reporter-output>
        </test-method> <!-- teardown -->
        <test-method is-config="true" signature="setup()[pri:0, instance:com.prjct.qa.testcases.LoginpageTest@5119fb47]" started-at="2024-06-18T13:09:59 IST" name="setup" finished-at="2024-06-18T13:10:16 IST" duration-ms="17808" status="PASS">
          <reporter-output>
          </reporter-output>
        </test-method> <!-- setup -->
        <test-method signature="crmlogotest()[pri:2, instance:com.prjct.qa.testcases.LoginpageTest@5119fb47]" started-at="2024-06-18T13:10:16 IST" name="crmlogotest" finished-at="2024-06-18T13:10:17 IST" duration-ms="34" status="PASS">
          <reporter-output>
          </reporter-output>
        </test-method> <!-- crmlogotest -->
        <test-method is-config="true" signature="teardown()[pri:0, instance:com.prjct.qa.testcases.LoginpageTest@5119fb47]" started-at="2024-06-18T13:10:17 IST" name="teardown" finished-at="2024-06-18T13:10:17 IST" duration-ms="89" status="PASS">
          <reporter-output>
          </reporter-output>
        </test-method> <!-- teardown -->
        <test-method is-config="true" signature="setup()[pri:0, instance:com.prjct.qa.testcases.LoginpageTest@5119fb47]" started-at="2024-06-18T13:10:17 IST" name="setup" finished-at="2024-06-18T13:10:33 IST" duration-ms="16305" status="PASS">
          <reporter-output>
          </reporter-output>
        </test-method> <!-- setup -->
        <test-method signature="loginTest()[pri:3, instance:com.prjct.qa.testcases.LoginpageTest@5119fb47]" started-at="2024-06-18T13:10:33 IST" name="loginTest" finished-at="2024-06-18T13:10:33 IST" duration-ms="299" status="PASS">
          <reporter-output>
          </reporter-output>
        </test-method> <!-- loginTest -->
        <test-method is-config="true" signature="teardown()[pri:0, instance:com.prjct.qa.testcases.LoginpageTest@5119fb47]" started-at="2024-06-18T13:10:33 IST" name="teardown" finished-at="2024-06-18T13:10:33 IST" duration-ms="91" status="PASS">
          <reporter-output>
          </reporter-output>
        </test-method> <!-- teardown -->
      </class> <!-- com.prjct.qa.testcases.LoginpageTest -->
      <class name="com.prjct.qa.testcases.HomepageTest">
        <test-method is-config="true" signature="setup()[pri:0, instance:com.prjct.qa.testcases.HomepageTest@1fa268de]" started-at="2024-06-18T13:10:33 IST" name="setup" finished-at="2024-06-18T13:10:51 IST" duration-ms="17824" status="PASS">
          <reporter-output>
          </reporter-output>
        </test-method> <!-- setup -->
        <test-method signature="clickVerifyFavoritesPageTitile()[pri:0, instance:com.prjct.qa.testcases.HomepageTest@1fa268de]" started-at="2024-06-18T13:10:51 IST" name="clickVerifyFavoritesPageTitile" finished-at="2024-06-18T13:11:24 IST" duration-ms="32512" status="PASS">
          <reporter-output>
          </reporter-output>
        </test-method> <!-- clickVerifyFavoritesPageTitile -->
        <test-method is-config="true" signature="teardown()[pri:0, instance:com.prjct.qa.testcases.HomepageTest@1fa268de]" started-at="2024-06-18T13:11:24 IST" name="teardown" finished-at="2024-06-18T13:11:24 IST" duration-ms="67" status="PASS">
          <reporter-output>
          </reporter-output>
        </test-method> <!-- teardown -->
      </class> <!-- com.prjct.qa.testcases.HomepageTest -->
    </test> <!-- Test -->
  </suite> <!-- Suite -->
</testng-results>
