<?xml version="1.0" encoding="UTF-8"?>
<testng-results ignored="0" total="4" passed="4" failed="0" skipped="0">
  <reporter-output>
  </reporter-output>
  <suite started-at="2024-06-18T13:05:52 IST" name="Suite" finished-at="2024-06-18T13:07:14 IST" duration-ms="81900">
    <groups>
    </groups>
    <test started-at="2024-06-18T13:05:52 IST" name="Test" finished-at="2024-06-18T13:07:14 IST" duration-ms="81900">
      <class name="com.prjct.qa.testcases.LoginpageTest">
        <test-method is-config="true" signature="setup()[pri:0, instance:com.prjct.qa.testcases.LoginpageTest@313ac989]" started-at="2024-06-18T13:05:52 IST" name="setup" finished-at="2024-06-18T13:05:58 IST" duration-ms="6585" status="PASS">
          <reporter-output>
          </reporter-output>
        </test-method> <!-- setup -->
        <test-method signature="loginpagetitletest()[pri:1, instance:com.prjct.qa.testcases.LoginpageTest@313ac989]" started-at="2024-06-18T13:05:58 IST" name="loginpagetitletest" finished-at="2024-06-18T13:05:58 IST" duration-ms="14" status="PASS">
          <reporter-output>
          </reporter-output>
        </test-method> <!-- loginpagetitletest -->
        <test-method is-config="true" signature="teardown()[pri:0, instance:com.prjct.qa.testcases.LoginpageTest@313ac989]" started-at="2024-06-18T13:05:58 IST" name="teardown" finished-at="2024-06-18T13:05:59 IST" duration-ms="148" status="PASS">
          <reporter-output>
          </reporter-output>
        </test-method> <!-- teardown -->
        <test-method is-config="true" signature="setup()[pri:0, instance:com.prjct.qa.testcases.LoginpageTest@313ac989]" started-at="2024-06-18T13:05:59 IST" name="setup" finished-at="2024-06-18T13:06:19 IST" duration-ms="20566" status="PASS">
          <reporter-output>
          </reporter-output>
        </test-method> <!-- setup -->
        <test-method signature="crmlogotest()[pri:2, instance:com.prjct.qa.testcases.LoginpageTest@313ac989]" started-at="2024-06-18T13:06:19 IST" name="crmlogotest" finished-at="2024-06-18T13:06:19 IST" duration-ms="34" status="PASS">
          <reporter-output>
          </reporter-output>
        </test-method> <!-- crmlogotest -->
        <test-method is-config="true" signature="teardown()[pri:0, instance:com.prjct.qa.testcases.LoginpageTest@313ac989]" started-at="2024-06-18T13:06:19 IST" name="teardown" finished-at="2024-06-18T13:06:19 IST" duration-ms="143" status="PASS">
          <reporter-output>
          </reporter-output>
        </test-method> <!-- teardown -->
        <test-method is-config="true" signature="setup()[pri:0, instance:com.prjct.qa.testcases.LoginpageTest@313ac989]" started-at="2024-06-18T13:06:19 IST" name="setup" finished-at="2024-06-18T13:06:34 IST" duration-ms="15007" status="PASS">
          <reporter-output>
          </reporter-output>
        </test-method> <!-- setup -->
        <test-method signature="loginTest()[pri:3, instance:com.prjct.qa.testcases.LoginpageTest@313ac989]" started-at="2024-06-18T13:06:34 IST" name="loginTest" finished-at="2024-06-18T13:06:35 IST" duration-ms="284" status="PASS">
          <reporter-output>
          </reporter-output>
        </test-method> <!-- loginTest -->
        <test-method is-config="true" signature="teardown()[pri:0, instance:com.prjct.qa.testcases.LoginpageTest@313ac989]" started-at="2024-06-18T13:06:35 IST" name="teardown" finished-at="2024-06-18T13:06:35 IST" duration-ms="178" status="PASS">
          <reporter-output>
          </reporter-output>
        </test-method> <!-- teardown -->
      </class> <!-- com.prjct.qa.testcases.LoginpageTest -->
      <class name="com.prjct.qa.testcases.HomepageTest">
        <test-method is-config="true" signature="setup()[pri:0, instance:com.prjct.qa.testcases.HomepageTest@776aec5c]" started-at="2024-06-18T13:06:35 IST" name="setup" finished-at="2024-06-18T13:06:48 IST" duration-ms="13628" status="PASS">
          <reporter-output>
          </reporter-output>
        </test-method> <!-- setup -->
        <test-method signature="clickVerifyFavoritesPageTitile()[pri:0, instance:com.prjct.qa.testcases.HomepageTest@776aec5c]" started-at="2024-06-18T13:06:48 IST" name="clickVerifyFavoritesPageTitile" finished-at="2024-06-18T13:07:14 IST" duration-ms="25181" status="PASS">
          <reporter-output>
          </reporter-output>
        </test-method> <!-- clickVerifyFavoritesPageTitile -->
        <test-method is-config="true" signature="teardown()[pri:0, instance:com.prjct.qa.testcases.HomepageTest@776aec5c]" started-at="2024-06-18T13:07:14 IST" name="teardown" finished-at="2024-06-18T13:07:14 IST" duration-ms="93" status="PASS">
          <reporter-output>
          </reporter-output>
        </test-method> <!-- teardown -->
      </class> <!-- com.prjct.qa.testcases.HomepageTest -->
    </test> <!-- Test -->
  </suite> <!-- Suite -->
</testng-results>
